PROXY:SET: {'http': 'socks4://178.20.231.156:5678'}
WARN: Boss We Are'nt Logged In
login sukkess
INFO: START Rearm+Repair to All units in  125735
EXPLORE:INFO: START Scanning city= 125735 in sector= 123176
LOG: SENDING -> {'name': 'Forgotten Enclave', 'tiletype': 'npc', 'coords': (40, 13), 'enemycells': (170, 250)}
LOG: SENDING -> {'name': 'Off Limits Research Facility', 'tiletype': 'npc', 'coords': (41, 10), 'enemycells': (250, 400)}
LOG: city restored
EXPLORE:INFO: START Scanning city= 125735 in sector= 123168
WARN: STRONGENEMY Dried-up Wellhead :: OUR POWER (1732) :: REQ 12000
WARN: STRONGENEMY Outpost Ruins :: OUR POWER (1732) :: REQ 7500
LOG: city restored
HARVEST:INFO: city=125735 hslots=[4] harvestors=32
LOG: city restored
HARVEST: hcost:1->(46, 9) |havailable:31|hslots:3
HARVEST:WARN: redundant mission, Skipping
HARVEST:WARN: redundant mission, Skipping
HARVEST:WARN: redundant mission, Skipping
MAIN:ERROR: TypeError("'NoneType' object is not subscriptable") EXCEEDING API LIMIT! SLEEP FOR 20
MAIN:ERROR: REDUCING SPEED by progfactor to avoid API LIMIT! sleep 20 s
login sukkess
SLEEP: zzzzz
INFO: START Rearm+Repair to All units in  125735
EXPLORE:INFO: START Scanning city= 125735 in sector= 123176
LOG: city restored
EXPLORE:INFO: START Scanning city= 125735 in sector= 123168
WARN: STRONGENEMY Dried-up Wellhead :: OUR POWER (4194) :: REQ 12000
