PROXY:SET: {'http': 'socks4://178.20.231.156:5678'}
WARN: Boss We Are'nt Logged In
login sukkess
INFO: START Rearm+Repair to All units in  125735
EXPLORE:INFO: START Scanning city= 125735 in sector= 123176
LOG: SENDING -> {'name': 'Forgotten Enclave', 'tiletype': 'npc', 'coords': (40, 13), 'enemycells': (170, 250)}
LOG: SENDING -> {'name': 'Off Limits Research Facility', 'tiletype': 'npc', 'coords': (41, 10), 'enemycells': (250, 400)}
LOG: city restored
EXPLORE:INFO: START Scanning city= 125735 in sector= 123168
WARN: STRONGENEMY Dried-up Wellhead :: OUR POWER (1732) :: REQ 12000
WARN: STRONGENEMY Outpost Ruins :: OUR POWER (1732) :: REQ 7500
LOG: city restored
HARVEST:INFO: city=125735 hslots=[4] harvestors=32
LOG: city restored
HARVEST: hcost:1->(46, 9) |havailable:31|hslots:3
HARVEST:WARN: redundant mission, Skipping
HARVEST:WARN: redundant mission, Skipping
HARVEST:WARN: redundant mission, Skipping
MAIN:ERROR: TypeError("'NoneType' object is not subscriptable") EXCEEDING API LIMIT! SLEEP FOR 20
MAIN:ERROR: REDUCING SPEED by progfactor to avoid API LIMIT! sleep 20 s
login sukkess
SLEEP: zzzzz
INFO: START Rearm+Repair to All units in  125735
EXPLORE:INFO: START Scanning city= 125735 in sector= 123176
LOG: city restored
EXPLORE:INFO: START Scanning city= 125735 in sector= 123168
WARN: STRONGENEMY Dried-up Wellhead :: OUR POWER (4194) :: REQ 12000
________________________________________________________________________________
PROXY:NEW: {'http': 'socks4://103.17.90.6:5678'}
PROXY: Working
LOGIN:NEWCOOKIE: ASP.NET_SessionId=sv05ksbu40zkr3tcynanpsnn;mechhero=3g34hz=&f8wj1h=&4jwhgl=1033&h42sc8=INT&jks2kw=&bi83z1=0
EXPLORE:INFO: START Scanning city= 125745 in sector= 127272
NPC:SEND: DEST-> {'name': 'Forgotten Outpost', 'tiletype': 'npc', 'coords': (45, 6), 'enemycells': (170, 250)}
NPC:SEND: DEST-> {'name': 'Abandoned Refinery', 'tiletype': 'npc', 'coords': (46, 5), 'enemycells': (170, 250)}
NPC:SEND: DEST-> {'name': 'Training NPC', 'tiletype': 'npc', 'coords': (45, 4), 'enemycells': (160, 170)}
NPC:SEND: DEST-> {'name': 'Blackhole', 'tiletype': 'npc', 'coords': (46, 4), 'enemycells': (170, 250)}
NPC:WARN: STRONGENEMY Training NPC :: OUR POWER (0) :: REQ 560.0
NPC:WARN: STRONGENEMY Training NPC :: OUR POWER (0) :: REQ 560.0